<?xml version="1.0" encoding="utf-8"?><testsuite errors="0" failures="0" name="pytest" skips="0" tests="13" time="24.248"><testcase classname="tests.test_cozy" file="tests/test_cozy.py" line="8" name="test_cozy_stack_package[ansible://cozy-instance-stretch]" time="3.5066640377"></testcase><testcase classname="tests.test_cozy" file="tests/test_cozy.py" line="12" name="test_cozy_service[ansible://cozy-instance-stretch]" time="3.51909327507"></testcase><testcase classname="tests.test_cozy" file="tests/test_cozy.py" line="18" name="test_cozy_listen_ports[ansible://cozy-instance-stretch]" time="1.43015813828"></testcase><testcase classname="tests.test_common" file="tests/test_common.py" line="8" name="test_common_packages[ansible://cozy-instance-stretch]" time="2.12319588661"></testcase><testcase classname="tests.test_postfix" file="tests/test_postfix.py" line="8" name="test_postfix_package[ansible://cozy-instance-stretch]" time="1.45652389526"></testcase><testcase classname="tests.test_postfix" file="tests/test_postfix.py" line="14" name="test_postfix_service[ansible://cozy-instance-stretch]" time="1.39950084686"></testcase><testcase classname="tests.test_couchdb" file="tests/test_couchdb.py" line="8" name="test_couchdb_package[ansible://cozy-instance-stretch]" time="0.743788957596"></testcase><testcase classname="tests.test_couchdb" file="tests/test_couchdb.py" line="12" name="test_couchdb_service[ansible://cozy-instance-stretch]" time="1.82088470459"></testcase><testcase classname="tests.test_couchdb" file="tests/test_couchdb.py" line="19" name="test_couchdb_listen_ports[ansible://cozy-instance-stretch]" time="1.52066731453"></testcase><testcase classname="tests.test_nginx" file="tests/test_nginx.py" line="8" name="test_nginx_package[ansible://cozy-instance-stretch]" time="0.695638179779"></testcase><testcase classname="tests.test_nginx" file="tests/test_nginx.py" line="12" name="test_ngnix_service[ansible://cozy-instance-stretch]" time="1.48500776291"></testcase><testcase classname="tests.test_nginx" file="tests/test_nginx.py" line="19" name="test_cozy_listen_ports[ansible://cozy-instance-stretch]" time="0.716939210892"></testcase><testcase classname="tests.test_cozycoclyco" file="tests/test_cozycoclyco.py" line="8" name="test_cozy_coclyco_package[ansible://cozy-instance-stretch]" time="0.707118988037"></testcase></testsuite>